<?xml version="1.0" encoding="UTF-8" ?>
<testsuites>
  <testsuite errors="0" failures="0" hostname="Gustavo-Lozanos-2.local" id="0" name="AdminControllerTests" package="kelgal.empleos.controllers" tests="3" time="4.575" timestamp="2012-10-07T21:08:52">
      <properties />

      <testcase classname="kelgal.empleos.controllers.AdminControllerTests" name="testHandleLogin" time="2.989" />

      <testcase classname="kelgal.empleos.controllers.AdminControllerTests" name="testLogout" time="0.204" />

      <testcase classname="kelgal.empleos.controllers.AdminControllerTests" name="testLogin" time="0.134" />

      <system-out><![CDATA[--Output from testHandleLogin--
--Output from testLogout--
--Output from testLogin--
]]></system-out>

      <system-err><![CDATA[--Output from testHandleLogin--
--Output from testLogout--
--Output from testLogin--
]]></system-err>

  </testsuite>
  <testsuite errors="0" failures="0" hostname="Gustavo-Lozanos-2.local" id="1" name="ComentariosControllerTests" package="kelgal.empleos.controllers" tests="8" time="8.146" timestamp="2012-10-07T21:08:57">
      <properties />

      <testcase classname="kelgal.empleos.controllers.ComentariosControllerTests" name="testMisComentario" time="4.526" />

      <testcase classname="kelgal.empleos.controllers.ComentariosControllerTests" name="testCrearComentario" time="0.387" />

      <testcase classname="kelgal.empleos.controllers.ComentariosControllerTests" name="testHandleComentario" time="0.442" />

      <testcase classname="kelgal.empleos.controllers.ComentariosControllerTests" name="testDeteleComentario" time="1.247" />

      <testcase classname="kelgal.empleos.controllers.ComentariosControllerTests" name="testEditComentario" time="0.432" />

      <testcase classname="kelgal.empleos.controllers.ComentariosControllerTests" name="testHandleEditComentario" time="0.259" />

      <testcase classname="kelgal.empleos.controllers.ComentariosControllerTests" name="testCambiarPassword" time="0.467" />

      <testcase classname="kelgal.empleos.controllers.ComentariosControllerTests" name="testActualizarUsuario" time="0.339" />

      <system-out><![CDATA[--Output from testMisComentario--
--Output from testCrearComentario--
--Output from testHandleComentario--
--Output from testDeteleComentario--
--Output from testEditComentario--
--Output from testHandleEditComentario--
--Output from testCambiarPassword--
--Output from testActualizarUsuario--
]]></system-out>

      <system-err><![CDATA[--Output from testMisComentario--
--Output from testCrearComentario--
--Output from testHandleComentario--
--Output from testDeteleComentario--
--Output from testEditComentario--
--Output from testHandleEditComentario--
--Output from testCambiarPassword--
--Output from testActualizarUsuario--
]]></system-err>

  </testsuite>
  <testsuite errors="1" failures="0" hostname="Gustavo-Lozanos-2.local" id="2" name="InformacionControllerTests" package="kelgal.empleos.controllers" tests="1" time="0.528" timestamp="2012-10-07T21:09:05">
      <properties />

      <testcase classname="kelgal.empleos.controllers.InformacionControllerTests" name="initializationError" time="0.153">
          <error message="No runnable methods" type="java.lang.Exception">java.lang.Exception: No runnable methods
</error>

      </testcase>

      <system-out><![CDATA[--Output from initializationError--
]]></system-out>

      <system-err><![CDATA[--Output from initializationError--
]]></system-err>

  </testsuite>
  <testsuite errors="0" failures="1" hostname="Gustavo-Lozanos-2.local" id="3" name="KahuuTagsTagLibTests" package="kelgal.empleos.controllers" tests="1" time="1.387" timestamp="2012-10-07T21:09:06">
      <properties />

      <testcase classname="kelgal.empleos.controllers.KahuuTagsTagLibTests" name="testSomething" time="0.879">
          <failure message="junit.framework.AssertionFailedError: Implement me" type="junit.framework.AssertionFailedError">junit.framework.AssertionFailedError: junit.framework.AssertionFailedError: Implement me
	at kelgal.empleos.controllers.KahuuTagsTagLibTests.testSomething(KahuuTagsTagLibTests.groovy:16)
</failure>

      </testcase>

      <system-out><![CDATA[--Output from testSomething--
]]></system-out>

      <system-err><![CDATA[--Output from testSomething--
]]></system-err>

  </testsuite>
  <testsuite errors="0" failures="0" hostname="Gustavo-Lozanos-2.local" id="4" name="PerfilControllerTests" package="kelgal.empleos.controllers" tests="5" time="3.494" timestamp="2012-10-07T21:09:07">
      <properties />

      <testcase classname="kelgal.empleos.controllers.PerfilControllerTests" name="testIndex" time="1.305" />

      <testcase classname="kelgal.empleos.controllers.PerfilControllerTests" name="testProfile" time="0.361" />

      <testcase classname="kelgal.empleos.controllers.PerfilControllerTests" name="testProfileUsuario" time="0.318" />

      <testcase classname="kelgal.empleos.controllers.PerfilControllerTests" name="testUsers" time="0.547" />

      <testcase classname="kelgal.empleos.controllers.PerfilControllerTests" name="testBuscar" time="0.682" />

      <system-out><![CDATA[--Output from testIndex--
--Output from testProfile--
--Output from testProfileUsuario--
--Output from testUsers--
--Output from testBuscar--
]]></system-out>

      <system-err><![CDATA[--Output from testIndex--
--Output from testProfile--
--Output from testProfileUsuario--
--Output from testUsers--
--Output from testBuscar--
]]></system-err>

  </testsuite>
  <testsuite errors="0" failures="0" hostname="Gustavo-Lozanos-2.local" id="5" name="UsuarioControllerTests" package="kelgal.empleos.controllers" tests="4" time="1.288" timestamp="2012-10-07T21:09:11">
      <properties />

      <testcase classname="kelgal.empleos.controllers.UsuarioControllerTests" name="testRegister" time="0.441" />

      <testcase classname="kelgal.empleos.controllers.UsuarioControllerTests" name="testHandleRegistration" time="0.312" />

      <testcase classname="kelgal.empleos.controllers.UsuarioControllerTests" name="testHandleLogin" time="0.207" />

      <testcase classname="kelgal.empleos.controllers.UsuarioControllerTests" name="testLogin" time="0.18" />

      <system-out><![CDATA[--Output from testRegister--
--Output from testHandleRegistration--
--Output from testHandleLogin--
--Output from testLogin--
]]></system-out>

      <system-err><![CDATA[--Output from testRegister--
--Output from testHandleRegistration--
--Output from testHandleLogin--
--Output from testLogin--
]]></system-err>

  </testsuite>
  <testsuite errors="0" failures="1" hostname="Gustavo-Lozanos-2.local" id="6" name="AdminTests" package="kelgal.empleos.domain" tests="1" time="0.2" timestamp="2012-10-07T21:09:12">
      <properties />

      <testcase classname="kelgal.empleos.domain.AdminTests" name="testSomething" time="0.199">
          <failure message="junit.framework.AssertionFailedError: Implement me" type="junit.framework.AssertionFailedError">junit.framework.AssertionFailedError: junit.framework.AssertionFailedError: Implement me
	at kelgal.empleos.domain.AdminTests.testSomething(AdminTests.groovy:16)
</failure>

      </testcase>

      <system-out><![CDATA[--Output from testSomething--
]]></system-out>

      <system-err><![CDATA[--Output from testSomething--
]]></system-err>

  </testsuite>
  <testsuite errors="1" failures="0" hostname="Gustavo-Lozanos-2.local" id="7" name="CertificadoTests" package="kelgal.empleos.domain" tests="1" time="0.2" timestamp="2012-10-07T21:09:12">
      <properties />

      <testcase classname="kelgal.empleos.domain.CertificadoTests" name="initializationError" time="0.007">
          <error message="No runnable methods" type="java.lang.Exception">java.lang.Exception: No runnable methods
</error>

      </testcase>

      <system-out><![CDATA[--Output from initializationError--
]]></system-out>

      <system-err><![CDATA[--Output from initializationError--
]]></system-err>

  </testsuite>
  <testsuite errors="0" failures="0" hostname="Gustavo-Lozanos-2.local" id="8" name="CiudadTests" package="kelgal.empleos.domain" tests="1" time="0.711" timestamp="2012-10-07T21:09:12">
      <properties />

      <testcase classname="kelgal.empleos.domain.CiudadTests" name="testConstraint" time="0.71" />

      <system-out><![CDATA[--Output from testConstraint--
]]></system-out>

      <system-err><![CDATA[--Output from testConstraint--
]]></system-err>

  </testsuite>
  <testsuite errors="1" failures="0" hostname="Gustavo-Lozanos-2.local" id="9" name="ProfileTests" package="kelgal.empleos.domain" tests="1" time="0.242" timestamp="2012-10-07T21:09:13">
      <properties />

      <testcase classname="kelgal.empleos.domain.ProfileTests" name="initializationError" time="0.007">
          <error message="No runnable methods" type="java.lang.Exception">java.lang.Exception: No runnable methods
</error>

      </testcase>

      <system-out><![CDATA[--Output from initializationError--
]]></system-out>

      <system-err><![CDATA[--Output from initializationError--
]]></system-err>

  </testsuite>
  <testsuite errors="0" failures="0" hostname="Gustavo-Lozanos-2.local" id="10" name="ReviewTests" package="kelgal.empleos.domain" tests="1" time="0.275" timestamp="2012-10-07T21:09:13">
      <properties />

      <testcase classname="kelgal.empleos.domain.ReviewTests" name="testConstraint" time="0.274" />

      <system-out><![CDATA[--Output from testConstraint--
]]></system-out>

      <system-err><![CDATA[--Output from testConstraint--
]]></system-err>

  </testsuite>
  <testsuite errors="1" failures="0" hostname="Gustavo-Lozanos-2.local" id="11" name="UserTests" package="kelgal.empleos.domain" tests="1" time="0.26" timestamp="2012-10-07T21:09:14">
      <properties />

      <testcase classname="kelgal.empleos.domain.UserTests" name="initializationError" time="0.017">
          <error message="No runnable methods" type="java.lang.Exception">java.lang.Exception: No runnable methods
</error>

      </testcase>

      <system-out><![CDATA[--Output from initializationError--
]]></system-out>

      <system-err><![CDATA[--Output from initializationError--
]]></system-err>

  </testsuite>
  <testsuite errors="0" failures="0" hostname="Gustavo-Lozanos-2.local" id="12" name="ComentarioServiceTests" package="kelgal.empleos.services" tests="8" time="2.177" timestamp="2012-10-07T21:09:14">
      <properties />

      <testcase classname="kelgal.empleos.services.ComentarioServiceTests" name="testCrearComentario" time="0.535" />

      <testcase classname="kelgal.empleos.services.ComentarioServiceTests" name="testDarMisComentarios" time="0.247" />

      <testcase classname="kelgal.empleos.services.ComentarioServiceTests" name="testDarMisComentariosInvalido" time="0.2" />

      <testcase classname="kelgal.empleos.services.ComentarioServiceTests" name="testDarReview" time="0.124" />

      <testcase classname="kelgal.empleos.services.ComentarioServiceTests" name="testDarReviewInvalido" time="0.198" />

      <testcase classname="kelgal.empleos.services.ComentarioServiceTests" name="testEditarComentario" time="0.314" />

      <testcase classname="kelgal.empleos.services.ComentarioServiceTests" name="testDeleteComentario" time="0.15" />

      <testcase classname="kelgal.empleos.services.ComentarioServiceTests" name="testDeleteComentarioInvalido" time="0.194" />

      <system-out><![CDATA[--Output from testCrearComentario--
--Output from testDarMisComentarios--
--Output from testDarMisComentariosInvalido--
--Output from testDarReview--
--Output from testDarReviewInvalido--
--Output from testEditarComentario--
--Output from testDeleteComentario--
--Output from testDeleteComentarioInvalido--
]]></system-out>

      <system-err><![CDATA[--Output from testCrearComentario--
--Output from testDarMisComentarios--
--Output from testDarMisComentariosInvalido--
--Output from testDarReview--
--Output from testDarReviewInvalido--
--Output from testEditarComentario--
--Output from testDeleteComentario--
--Output from testDeleteComentarioInvalido--
]]></system-err>

  </testsuite>
  <testsuite errors="0" failures="0" hostname="Gustavo-Lozanos-2.local" id="13" name="PerfilServiceTests" package="kelgal.empleos.services" tests="10" time="1.86" timestamp="2012-10-07T21:09:16">
      <properties />

      <testcase classname="kelgal.empleos.services.PerfilServiceTests" name="testBuscar" time="0.392" />

      <testcase classname="kelgal.empleos.services.PerfilServiceTests" name="testDarCiudades" time="0.201" />

      <testcase classname="kelgal.empleos.services.PerfilServiceTests" name="testDarCategorias" time="0.163" />

      <testcase classname="kelgal.empleos.services.PerfilServiceTests" name="testDarPerfil" time="0.11" />

      <testcase classname="kelgal.empleos.services.PerfilServiceTests" name="testDarPerfilInvalido" time="0.167" />

      <testcase classname="kelgal.empleos.services.PerfilServiceTests" name="testDarPerfilUsuario" time="0.104" />

      <testcase classname="kelgal.empleos.services.PerfilServiceTests" name="testDarPerfilUsuarioInvalido" time="0.171" />

      <testcase classname="kelgal.empleos.services.PerfilServiceTests" name="testPerfilesCategoria" time="0.147" />

      <testcase classname="kelgal.empleos.services.PerfilServiceTests" name="testPerfilesCategoriaInvalido" time="0.168" />

      <testcase classname="kelgal.empleos.services.PerfilServiceTests" name="testBuscarInvalido" time="0.066" />

      <system-out><![CDATA[--Output from testBuscar--
--Output from testDarCiudades--
--Output from testDarCategorias--
--Output from testDarPerfil--
--Output from testDarPerfilInvalido--
--Output from testDarPerfilUsuario--
--Output from testDarPerfilUsuarioInvalido--
--Output from testPerfilesCategoria--
--Output from testPerfilesCategoriaInvalido--
--Output from testBuscarInvalido--
]]></system-out>

      <system-err><![CDATA[--Output from testBuscar--
--Output from testDarCiudades--
--Output from testDarCategorias--
--Output from testDarPerfil--
--Output from testDarPerfilInvalido--
--Output from testDarPerfilUsuario--
--Output from testDarPerfilUsuarioInvalido--
--Output from testPerfilesCategoria--
--Output from testPerfilesCategoriaInvalido--
--Output from testBuscarInvalido--
]]></system-err>

  </testsuite>
  <testsuite errors="1" failures="0" hostname="Gustavo-Lozanos-2.local" id="14" name="UsuarioServiceTests" package="kelgal.empleos.services" tests="8" time="1.575" timestamp="2012-10-07T21:09:18">
      <properties />

      <testcase classname="kelgal.empleos.services.UsuarioServiceTests" name="testCambiarPassword" time="0.249" />

      <testcase classname="kelgal.empleos.services.UsuarioServiceTests" name="testActualizarUsuario" time="0.036" />

      <testcase classname="kelgal.empleos.services.UsuarioServiceTests" name="testRegist" time="0.495">
          <error message="No thread-bound request found: Are you referring to request attributes outside of an actual web request, or processing a request outside of the originally receiving thread? If you are actually operating within a web request and still receive this message, your code is probably running outside of DispatcherServlet/DispatcherPortlet: In this case, use RequestContextListener or RequestContextFilter to expose the current request." type="java.lang.IllegalStateException">java.lang.IllegalStateException: No thread-bound request found: Are you referring to request attributes outside of an actual web request, or processing a request outside of the originally receiving thread? If you are actually operating within a web request and still receive this message, your code is probably running outside of DispatcherServlet/DispatcherPortlet: In this case, use RequestContextListener or RequestContextFilter to expose the current request.
	at kelgal.empleos.UsuarioService.registration(UsuarioService.groovy:58)
	at kelgal.empleos.services.UsuarioServiceTests.testRegist(UsuarioServiceTests.groovy:69)
</error>

      </testcase>

      <testcase classname="kelgal.empleos.services.UsuarioServiceTests" name="testHandleLoginEmailInvalido" time="0.024" />

      <testcase classname="kelgal.empleos.services.UsuarioServiceTests" name="testHandleLoginPassword" time="0.681" />

      <testcase classname="kelgal.empleos.services.UsuarioServiceTests" name="testVerificarEmail" time="0.026" />

      <testcase classname="kelgal.empleos.services.UsuarioServiceTests" name="testVerificarInvalido" time="0.019" />

      <testcase classname="kelgal.empleos.services.UsuarioServiceTests" name="testHandleLoginPasswordInvalido" time="0.034" />

      <system-out><![CDATA[--Output from testCambiarPassword--
--Output from testActualizarUsuario--
--Output from testRegist--
--Output from testHandleLoginEmailInvalido--
--Output from testHandleLoginPassword--
--Output from testVerificarEmail--
--Output from testVerificarInvalido--
--Output from testHandleLoginPasswordInvalido--
]]></system-out>

      <system-err><![CDATA[--Output from testCambiarPassword--
--Output from testActualizarUsuario--
--Output from testRegist--
--Output from testHandleLoginEmailInvalido--
--Output from testHandleLoginPassword--
--Output from testVerificarEmail--
--Output from testVerificarInvalido--
--Output from testHandleLoginPasswordInvalido--
]]></system-err>

  </testsuite>
</testsuites>
