<?xml version="1.0" encoding="UTF-8" ?>
<testsuites>
  <testsuite errors="0" failures="0" hostname="Gustavo-Lozanos-2.local" id="0" name="ComentariosControllerTests" package="kelgal.empleos.controllers" tests="6" time="6.437" timestamp="2012-10-04T00:43:36">
      <properties />

      <testcase classname="kelgal.empleos.controllers.ComentariosControllerTests" name="testHandleEditComentario" time="4.223" />

      <testcase classname="kelgal.empleos.controllers.ComentariosControllerTests" name="testHandleComentario" time="0.262" />

      <testcase classname="kelgal.empleos.controllers.ComentariosControllerTests" name="testDeteleComentario" time="0.847" />

      <testcase classname="kelgal.empleos.controllers.ComentariosControllerTests" name="testEditComentario" time="0.372" />

      <testcase classname="kelgal.empleos.controllers.ComentariosControllerTests" name="testCambiarPassword" time="0.358" />

      <testcase classname="kelgal.empleos.controllers.ComentariosControllerTests" name="testActualizarUsuario" time="0.32" />

      <system-out><![CDATA[--Output from testHandleEditComentario--
--Output from testHandleComentario--
--Output from testDeteleComentario--
--Output from testEditComentario--
--Output from testCambiarPassword--
--Output from testActualizarUsuario--
]]></system-out>

      <system-err><![CDATA[--Output from testHandleEditComentario--
--Output from testHandleComentario--
--Output from testDeteleComentario--
--Output from testEditComentario--
--Output from testCambiarPassword--
--Output from testActualizarUsuario--
]]></system-err>

  </testsuite>
</testsuites>
