<?xml version="1.0" encoding="UTF-8" ?>
<testsuites>
  <testsuite errors="1" failures="0" hostname="Gustavo-Lozanos-2.local" id="0" name="UsuarioControllerTests" package="kelgal.empleos" tests="4" time="6.14" timestamp="2012-09-23T17:56:23">
      <properties />

      <testcase classname="kelgal.empleos.UsuarioControllerTests" name="testLogin" time="4.74" />

      <testcase classname="kelgal.empleos.UsuarioControllerTests" name="testHandleLogin" time="0.356" />

      <testcase classname="kelgal.empleos.UsuarioControllerTests" name="testRegister" time="0.272" />

      <testcase classname="kelgal.empleos.UsuarioControllerTests" name="testHandleRegistration" time="0.698">
          <error message="No signature of method: kelgal.empleos.UsuarioController.sendMail() is applicable for argument types: (kelgal.empleos.UsuarioController$_handleRegistration_closure1) values: [kelgal.empleos.UsuarioController$_handleRegistration_closure1@2e079eb9]&#xa;Possible solutions: findAll()" type="groovy.lang.MissingMethodException">groovy.lang.MissingMethodException: No signature of method: kelgal.empleos.UsuarioController.sendMail() is applicable for argument types: (kelgal.empleos.UsuarioController$_handleRegistration_closure1) values: [kelgal.empleos.UsuarioController$_handleRegistration_closure1@2e079eb9]
Possible solutions: findAll()
	at kelgal.empleos.UsuarioController.handleRegistration(UsuarioController.groovy:76)
	at kelgal.empleos.UsuarioControllerTests.testHandleRegistration(UsuarioControllerTests.groovy:115)
</error>

      </testcase>

      <system-out><![CDATA[--Output from testLogin--
--Output from testHandleLogin--
--Output from testRegister--
--Output from testHandleRegistration--
]]></system-out>

      <system-err><![CDATA[--Output from testLogin--
--Output from testHandleLogin--
--Output from testRegister--
--Output from testHandleRegistration--
]]></system-err>

  </testsuite>
</testsuites>
